05-Oct-2020 17:17:28	BarCounter is being run by root
05-Oct-2020 17:17:28	-w /mnt/disks/barcode-tender-manuscript/barcode_manifests/Pool-80_barcodes.tsv.gz (whitelist)
05-Oct-2020 17:17:28	-t /mnt/disks/barcode-tender-manuscript/barcode_manifests/taglist.csv (taglist)
05-Oct-2020 17:17:28	-1 (read1 fastq)
				/mnt/disks/barcode-tender-manuscript/X017_fastq/Pool-80-HTO_S15_L001_R1_001.fastq.gz
				/mnt/disks/barcode-tender-manuscript/X017_fastq/Pool-80-HTO_S15_L002_R1_001.fastq.gz
				/mnt/disks/barcode-tender-manuscript/X017_fastq/Pool-80-HTO_S15_L003_R1_001.fastq.gz
				/mnt/disks/barcode-tender-manuscript/X017_fastq/Pool-80-HTO_S15_L004_R1_001.fastq.gz
05-Oct-2020 17:17:28	-2 (read2 fastq)
				/mnt/disks/barcode-tender-manuscript/X017_fastq/Pool-80-HTO_S15_L001_R2_001.fastq.gz
				/mnt/disks/barcode-tender-manuscript/X017_fastq/Pool-80-HTO_S15_L002_R2_001.fastq.gz
				/mnt/disks/barcode-tender-manuscript/X017_fastq/Pool-80-HTO_S15_L003_R2_001.fastq.gz
				/mnt/disks/barcode-tender-manuscript/X017_fastq/Pool-80-HTO_S15_L004_R2_001.fastq.gz
05-Oct-2020 17:17:28	-o /mnt/disks/barcode-tender-manuscript/ADT_count_benchmarking/BarCounter/ (output directory)
05-Oct-2020 17:17:28	Output will be written to existing directory /mnt/disks/barcode-tender-manuscript/ADT_count_benchmarking/BarCounter/
05-Oct-2020 17:17:28	ADT counts will be written to /mnt/disks/barcode-tender-manuscript/ADT_count_benchmarking/BarCounter/Pool-80-HTO_Tag_Counts.csv
05-Oct-2020 17:17:28	Beginning fastq processing
05-Oct-2020 17:17:28	Opened read1 fastq file /mnt/disks/barcode-tender-manuscript/X017_fastq/Pool-80-HTO_S15_L001_R1_001.fastq.gz
05-Oct-2020 17:17:28	Opened read2 fastq file /mnt/disks/barcode-tender-manuscript/X017_fastq/Pool-80-HTO_S15_L001_R2_001.fastq.gz
05-Oct-2020 17:21:10	Opened read1 fastq file /mnt/disks/barcode-tender-manuscript/X017_fastq/Pool-80-HTO_S15_L002_R1_001.fastq.gz
05-Oct-2020 17:21:10	Opened read2 fastq file /mnt/disks/barcode-tender-manuscript/X017_fastq/Pool-80-HTO_S15_L002_R2_001.fastq.gz
05-Oct-2020 17:23:28	Opened read1 fastq file /mnt/disks/barcode-tender-manuscript/X017_fastq/Pool-80-HTO_S15_L003_R1_001.fastq.gz
05-Oct-2020 17:23:28	Opened read2 fastq file /mnt/disks/barcode-tender-manuscript/X017_fastq/Pool-80-HTO_S15_L003_R2_001.fastq.gz
05-Oct-2020 17:27:07	Opened read1 fastq file /mnt/disks/barcode-tender-manuscript/X017_fastq/Pool-80-HTO_S15_L004_R1_001.fastq.gz
05-Oct-2020 17:27:07	Opened read2 fastq file /mnt/disks/barcode-tender-manuscript/X017_fastq/Pool-80-HTO_S15_L004_R2_001.fastq.gz
05-Oct-2020 17:31:19	Processing complete
05-Oct-2020 17:31:19	Total reads processed: 162481332
05-Oct-2020 17:31:19	Uncorrected barcodes: 131972892
05-Oct-2020 17:31:19	Corrected barcodes: 2080612
05-Oct-2020 17:31:19	Total Valid barcodes: 134053504
05-Oct-2020 17:31:19	Valid tags: 129223632
05-Oct-2020 17:31:19	FINISHED
