05-Oct-2020 16:56:38	BarCounter is being run by root
05-Oct-2020 16:56:38	-w /mnt/disks/barcode-tender-manuscript/barcode_manifests/Pool-48_barcodes.tsv.gz (whitelist)
05-Oct-2020 16:56:38	-t /mnt/disks/barcode-tender-manuscript/barcode_manifests/taglist.csv (taglist)
05-Oct-2020 16:56:38	-1 (read1 fastq)
				/mnt/disks/barcode-tender-manuscript/X017_fastq/Pool-48-HTO_S13_L001_R1_001.fastq.gz
				/mnt/disks/barcode-tender-manuscript/X017_fastq/Pool-48-HTO_S13_L002_R1_001.fastq.gz
				/mnt/disks/barcode-tender-manuscript/X017_fastq/Pool-48-HTO_S13_L003_R1_001.fastq.gz
				/mnt/disks/barcode-tender-manuscript/X017_fastq/Pool-48-HTO_S13_L004_R1_001.fastq.gz
05-Oct-2020 16:56:38	-2 (read2 fastq)
				/mnt/disks/barcode-tender-manuscript/X017_fastq/Pool-48-HTO_S13_L001_R2_001.fastq.gz
				/mnt/disks/barcode-tender-manuscript/X017_fastq/Pool-48-HTO_S13_L002_R2_001.fastq.gz
				/mnt/disks/barcode-tender-manuscript/X017_fastq/Pool-48-HTO_S13_L003_R2_001.fastq.gz
				/mnt/disks/barcode-tender-manuscript/X017_fastq/Pool-48-HTO_S13_L004_R2_001.fastq.gz
05-Oct-2020 16:56:38	-o /mnt/disks/barcode-tender-manuscript/ADT_count_benchmarking/BarCounter/ (output directory)
05-Oct-2020 16:56:38	Output will be written to existing directory /mnt/disks/barcode-tender-manuscript/ADT_count_benchmarking/BarCounter/
05-Oct-2020 16:56:38	ADT counts will be written to /mnt/disks/barcode-tender-manuscript/ADT_count_benchmarking/BarCounter/Pool-48-HTO_Tag_Counts.csv
05-Oct-2020 16:56:38	Beginning fastq processing
05-Oct-2020 16:56:38	Opened read1 fastq file /mnt/disks/barcode-tender-manuscript/X017_fastq/Pool-48-HTO_S13_L001_R1_001.fastq.gz
05-Oct-2020 16:56:38	Opened read2 fastq file /mnt/disks/barcode-tender-manuscript/X017_fastq/Pool-48-HTO_S13_L001_R2_001.fastq.gz
05-Oct-2020 16:58:22	Opened read1 fastq file /mnt/disks/barcode-tender-manuscript/X017_fastq/Pool-48-HTO_S13_L002_R1_001.fastq.gz
05-Oct-2020 16:58:22	Opened read2 fastq file /mnt/disks/barcode-tender-manuscript/X017_fastq/Pool-48-HTO_S13_L002_R2_001.fastq.gz
05-Oct-2020 16:59:51	Opened read1 fastq file /mnt/disks/barcode-tender-manuscript/X017_fastq/Pool-48-HTO_S13_L003_R1_001.fastq.gz
05-Oct-2020 16:59:51	Opened read2 fastq file /mnt/disks/barcode-tender-manuscript/X017_fastq/Pool-48-HTO_S13_L003_R2_001.fastq.gz
05-Oct-2020 17:01:48	Opened read1 fastq file /mnt/disks/barcode-tender-manuscript/X017_fastq/Pool-48-HTO_S13_L004_R1_001.fastq.gz
05-Oct-2020 17:01:48	Opened read2 fastq file /mnt/disks/barcode-tender-manuscript/X017_fastq/Pool-48-HTO_S13_L004_R2_001.fastq.gz
05-Oct-2020 17:03:56	Processing complete
05-Oct-2020 17:03:56	Total reads processed: 108925026
05-Oct-2020 17:03:56	Uncorrected barcodes: 86507744
05-Oct-2020 17:03:56	Corrected barcodes: 1393951
05-Oct-2020 17:03:56	Total Valid barcodes: 87901695
05-Oct-2020 17:03:56	Valid tags: 83265533
05-Oct-2020 17:03:56	FINISHED
