05-Oct-2020 16:47:31	BarCounter is being run by root
05-Oct-2020 16:47:31	-w /mnt/disks/barcode-tender-manuscript/barcode_manifests/Pool-24_barcodes.tsv.gz (whitelist)
05-Oct-2020 16:47:31	-t /mnt/disks/barcode-tender-manuscript/barcode_manifests/taglist.csv (taglist)
05-Oct-2020 16:47:31	-1 (read1 fastq)
				/mnt/disks/barcode-tender-manuscript/X017_fastq/Pool-24-HTO_S11_L001_R1_001.fastq.gz
				/mnt/disks/barcode-tender-manuscript/X017_fastq/Pool-24-HTO_S11_L002_R1_001.fastq.gz
				/mnt/disks/barcode-tender-manuscript/X017_fastq/Pool-24-HTO_S11_L003_R1_001.fastq.gz
				/mnt/disks/barcode-tender-manuscript/X017_fastq/Pool-24-HTO_S11_L004_R1_001.fastq.gz
05-Oct-2020 16:47:31	-2 (read2 fastq)
				/mnt/disks/barcode-tender-manuscript/X017_fastq/Pool-24-HTO_S11_L001_R2_001.fastq.gz
				/mnt/disks/barcode-tender-manuscript/X017_fastq/Pool-24-HTO_S11_L002_R2_001.fastq.gz
				/mnt/disks/barcode-tender-manuscript/X017_fastq/Pool-24-HTO_S11_L003_R2_001.fastq.gz
				/mnt/disks/barcode-tender-manuscript/X017_fastq/Pool-24-HTO_S11_L004_R2_001.fastq.gz
05-Oct-2020 16:47:31	-o /mnt/disks/barcode-tender-manuscript/ADT_count_benchmarking/BarCounter/ (output directory)
05-Oct-2020 16:47:31	Output will be written to existing directory /mnt/disks/barcode-tender-manuscript/ADT_count_benchmarking/BarCounter/
05-Oct-2020 16:47:31	ADT counts will be written to /mnt/disks/barcode-tender-manuscript/ADT_count_benchmarking/BarCounter/Pool-24-HTO_Tag_Counts.csv
05-Oct-2020 16:47:31	Beginning fastq processing
05-Oct-2020 16:47:31	Opened read1 fastq file /mnt/disks/barcode-tender-manuscript/X017_fastq/Pool-24-HTO_S11_L001_R1_001.fastq.gz
05-Oct-2020 16:47:31	Opened read2 fastq file /mnt/disks/barcode-tender-manuscript/X017_fastq/Pool-24-HTO_S11_L001_R2_001.fastq.gz
05-Oct-2020 16:48:31	Opened read1 fastq file /mnt/disks/barcode-tender-manuscript/X017_fastq/Pool-24-HTO_S11_L002_R1_001.fastq.gz
05-Oct-2020 16:48:31	Opened read2 fastq file /mnt/disks/barcode-tender-manuscript/X017_fastq/Pool-24-HTO_S11_L002_R2_001.fastq.gz
05-Oct-2020 16:49:22	Opened read1 fastq file /mnt/disks/barcode-tender-manuscript/X017_fastq/Pool-24-HTO_S11_L003_R1_001.fastq.gz
05-Oct-2020 16:49:22	Opened read2 fastq file /mnt/disks/barcode-tender-manuscript/X017_fastq/Pool-24-HTO_S11_L003_R2_001.fastq.gz
05-Oct-2020 16:50:28	Opened read1 fastq file /mnt/disks/barcode-tender-manuscript/X017_fastq/Pool-24-HTO_S11_L004_R1_001.fastq.gz
05-Oct-2020 16:50:28	Opened read2 fastq file /mnt/disks/barcode-tender-manuscript/X017_fastq/Pool-24-HTO_S11_L004_R2_001.fastq.gz
05-Oct-2020 16:51:39	Processing complete
05-Oct-2020 16:51:39	Total reads processed: 63272205
05-Oct-2020 16:51:39	Uncorrected barcodes: 47436323
05-Oct-2020 16:51:39	Corrected barcodes: 764223
05-Oct-2020 16:51:39	Total Valid barcodes: 48200546
05-Oct-2020 16:51:39	Valid tags: 45435511
05-Oct-2020 16:51:39	FINISHED
